# JRE version: Java(TM) SE Runtime Environment (11.0.6+8) (build 11.0.6+8-LTS)
# Java VM: Java HotSpot(TM) 64-Bit Server VM (11.0.6+8-LTS, mixed mode, tiered, compressed oops, g1 gc, windows-amd64)
Heap:
 garbage-first heap   total 155648K, used 80100K [0x0000000082600000, 0x0000000100000000)
  region size 1024K, 68 young (69632K), 9 survivors (9216K)
 Metaspace       used 61824K, capacity 63116K, committed 63232K, reserved 1103872K
  class space    used 7569K, capacity 8084K, committed 8192K, reserved 1048576K
GC Heap History (10 events):
Event: 1.383 GC heap before
{Heap before GC invocations=5 (full 0):
 garbage-first heap   total 129024K, used 78380K [0x0000000082600000, 0x0000000100000000)
  region size 1024K, 71 young (72704K), 2 survivors (2048K)
 Metaspace       used 24650K, capacity 25263K, committed 25600K, reserved 1071104K
  class space    used 2720K, capacity 2947K, committed 3072K, reserved 1048576K
}
Event: 1.388 GC heap after
{Heap after GC invocations=6 (full 0):
 garbage-first heap   total 129024K, used 9889K [0x0000000082600000, 0x0000000100000000)
  region size 1024K, 4 young (4096K), 4 survivors (4096K)
 Metaspace       used 24650K, capacity 25263K, committed 25600K, reserved 1071104K
  class space    used 2720K, capacity 2947K, committed 3072K, reserved 1048576K
}
Event: 2.722 GC heap before
{Heap before GC invocations=6 (full 0):
 garbage-first heap   total 129024K, used 81569K [0x0000000082600000, 0x0000000100000000)
  region size 1024K, 75 young (76800K), 4 survivors (4096K)
 Metaspace       used 33450K, capacity 34366K, committed 34560K, reserved 1079296K
  class space    used 3863K, capacity 4239K, committed 4352K, reserved 1048576K
}
Event: 2.730 GC heap after
{Heap after GC invocations=7 (full 0):
 garbage-first heap   total 155648K, used 13380K [0x0000000082600000, 0x0000000100000000)
  region size 1024K, 7 young (7168K), 7 survivors (7168K)
 Metaspace       used 33450K, capacity 34366K, committed 34560K, reserved 1079296K
  class space    used 3863K, capacity 4239K, committed 4352K, reserved 1048576K
}
Event: 2.991 GC heap before
{Heap before GC invocations=7 (full 0):
 garbage-first heap   total 155648K, used 56388K [0x0000000082600000, 0x0000000100000000)
  region size 1024K, 51 young (52224K), 7 survivors (7168K)
 Metaspace       used 34859K, capacity 35779K, committed 35840K, reserved 1081344K
  class space    used 4038K, capacity 4434K, committed 4480K, reserved 1048576K
}
Event: 2.999 GC heap after
{Heap after GC invocations=8 (full 0):
 garbage-first heap   total 155648K, used 14191K [0x0000000082600000, 0x0000000100000000)
  region size 1024K, 7 young (7168K), 7 survivors (7168K)
 Metaspace       used 34859K, capacity 35779K, committed 35840K, reserved 1081344K
  class space    used 4038K, capacity 4434K, committed 4480K, reserved 1048576K
}
Event: 6.797 GC heap before
{Heap before GC invocations=9 (full 0):
 garbage-first heap   total 155648K, used 100207K [0x0000000082600000, 0x0000000100000000)
  region size 1024K, 91 young (93184K), 7 survivors (7168K)
 Metaspace       used 49716K, capacity 50903K, committed 51072K, reserved 1093632K
  class space    used 6017K, capacity 6480K, committed 6528K, reserved 1048576K
}
Event: 6.808 GC heap after
{Heap after GC invocations=10 (full 0):
 garbage-first heap   total 155648K, used 19358K [0x0000000082600000, 0x0000000100000000)
  region size 1024K, 12 young (12288K), 12 survivors (12288K)
 Metaspace       used 49716K, capacity 50903K, committed 51072K, reserved 1093632K
  class space    used 6017K, capacity 6480K, committed 6528K, reserved 1048576K
}
Event: 38.293 GC heap before
{Heap before GC invocations=10 (full 0):
 garbage-first heap   total 155648K, used 73630K [0x0000000082600000, 0x0000000100000000)
  region size 1024K, 67 young (68608K), 12 survivors (12288K)
 Metaspace       used 58845K, capacity 60069K, committed 60160K, reserved 1101824K
  class space    used 7305K, capacity 7786K, committed 7808K, reserved 1048576K
}
Event: 38.303 GC heap after
{Heap after GC invocations=11 (full 0):
 garbage-first heap   total 155648K, used 21732K [0x0000000082600000, 0x0000000100000000)
  region size 1024K, 9 young (9216K), 9 survivors (9216K)
 Metaspace       used 58845K, capacity 60069K, committed 60160K, reserved 1101824K
  class space    used 7305K, capacity 7786K, committed 7808K, reserved 1048576K
}

